0 info it worked if it ends with ok
1 verbose cli [ '/Users/isaac/.nvm/versions/node/v6.11.1/bin/node',
1 verbose cli   '/Users/isaac/.nvm/versions/node/v6.11.1/bin/npm',
1 verbose cli   'run',
1 verbose cli   'build' ]
2 info using npm@4.0.5
3 info using node@v6.11.1
4 verbose stack Error: ENOENT: no such file or directory, open '/Users/isaac/github/h3-public/package.json'
4 verbose stack     at Error (native)
5 verbose cwd /Users/isaac/github/h3-public
6 error Darwin 17.6.0
7 error argv "/Users/isaac/.nvm/versions/node/v6.11.1/bin/node" "/Users/isaac/.nvm/versions/node/v6.11.1/bin/npm" "run" "build"
8 error node v6.11.1
9 error npm  v4.0.5
10 error path /Users/isaac/github/h3-public/package.json
11 error code ENOENT
12 error errno -2
13 error syscall open
14 error enoent ENOENT: no such file or directory, open '/Users/isaac/github/h3-public/package.json'
15 error enoent ENOENT: no such file or directory, open '/Users/isaac/github/h3-public/package.json'
15 error enoent This is most likely not a problem with npm itself
15 error enoent and is related to npm not being able to find a file.
16 verbose exit [ -2, true ]
